<?xml version="1.0" encoding="UTF-8"?>
<testng-results ignored="0" total="1" passed="1" failed="0" skipped="0">
  <reporter-output>
  </reporter-output>
  <suite started-at="2022-04-27T18:20:06 IST" name="privacyshield" finished-at="2022-04-27T18:21:25 IST" duration-ms="79565">
    <groups>
    </groups>
    <test started-at="2022-04-27T18:20:06 IST" name="Testing Parameterization" finished-at="2022-04-27T18:21:25 IST" duration-ms="79565">
      <class name="com.privacyshield.testcases.TC_Psform_01">
        <test-method is-config="true" signature="setup(java.lang.String)[pri:0, instance:com.privacyshield.testcases.TC_Psform_01@34f5090e]" started-at="2022-04-27T18:20:06 IST" name="setup" finished-at="2022-04-27T18:20:13 IST" duration-ms="7158" status="PASS">
          <params>
            <param index="0">
              <value>
                <![CDATA[chrome]]>
              </value>
            </param>
          </params>
          <reporter-output>
          </reporter-output>
        </test-method> <!-- setup -->
        <test-method signature="submitform()[pri:0, instance:com.privacyshield.testcases.TC_Psform_01@34f5090e]" started-at="2022-04-27T18:20:13 IST" name="submitform" finished-at="2022-04-27T18:21:24 IST" duration-ms="70962" status="PASS">
          <reporter-output>
          </reporter-output>
        </test-method> <!-- submitform -->
        <test-method is-config="true" signature="teardown()[pri:0, instance:com.privacyshield.testcases.TC_Psform_01@34f5090e]" started-at="2022-04-27T18:21:24 IST" name="teardown" finished-at="2022-04-27T18:21:25 IST" duration-ms="1396" status="PASS">
          <reporter-output>
          </reporter-output>
        </test-method> <!-- teardown -->
      </class> <!-- com.privacyshield.testcases.TC_Psform_01 -->
    </test> <!-- Testing Parameterization -->
  </suite> <!-- privacyshield -->
</testng-results>
