<?xml version="1.0" encoding="UTF-8"?>
<!-- Generated by org.testng.reporters.JUnitXMLReporter -->
<testsuite ignored="0" hostname="AAAW46ZLPC0508" failures="1" tests="1" name="Testing Parameterization" time="0.051" errors="0" timestamp="2022-04-15T15:08:49 IST">
  <testcase classname="com.privacyshield.testcases.BaseClass" name="@AfterClass teardown" time="0.0">
    <failure type="java.lang.NullPointerException" message="Cannot invoke &amp;quot;org.openqa.selenium.WebDriver.quit()&amp;quot; because &amp;quot;com.privacyshield.testcases.BaseClass.driver&amp;quot; is null">
      <![CDATA[java.lang.NullPointerException: Cannot invoke "org.openqa.selenium.WebDriver.quit()" because "com.privacyshield.testcases.BaseClass.driver" is null
at com.privacyshield.testcases.BaseClass.teardown(BaseClass.java:59)
at java.base/java.util.ArrayList.forEach(ArrayList.java:1511)
... Removed 25 stack frames]]>
    </failure>
  </testcase> <!-- @AfterClass teardown -->
  <testcase classname="com.privacyshield.testcases.TC_Psform_01" name="submitform" time="0.004">
    <failure type="java.lang.NullPointerException" message="Cannot invoke &amp;quot;org.openqa.selenium.WebDriver.get(String)&amp;quot; because &amp;quot;com.privacyshield.testcases.TC_Psform_01.driver&amp;quot; is null">
      <![CDATA[java.lang.NullPointerException: Cannot invoke "org.openqa.selenium.WebDriver.get(String)" because "com.privacyshield.testcases.TC_Psform_01.driver" is null
at com.privacyshield.testcases.TC_Psform_01.submitform(TC_Psform_01.java:16)
at java.base/java.util.ArrayList.forEach(ArrayList.java:1511)
... Removed 27 stack frames]]>
    </failure>
  </testcase> <!-- submitform -->
</testsuite> <!-- Testing Parameterization -->
